2026-01-08 19:12:36,589 - __main__ - INFO - Обработка арбитража для IOTA: Long на mexc, Short на lbank
2026-01-08 19:12:36,623 - exchanges.async_base_exchange - WARNING - LBank: Ошибка соединения для /v2/futures/ticker с params {'symbol': 'IOTAUSDT'}: [Errno 11001] getaddrinfo failed
2026-01-08 19:12:36,625 - exchanges.async_base_exchange - WARNING - LBank: Ошибка соединения для /v2/futures/fundingRate с params {'symbol': 'IOTAUSDT'}: [Errno 11001] getaddrinfo failed
2026-01-08 19:12:36,979 - httpx - INFO - HTTP Request: GET https://contract.mexc.com/api/v1/contract/ticker?symbol=IOTA_USDT "HTTP/1.1 200 OK"
2026-01-08 19:12:36,996 - httpx - INFO - HTTP Request: GET https://www.lbank.com/v2/futures/ticker?symbol=IOTAUSDT "HTTP/1.1 404 Not Found"
2026-01-08 19:12:37,004 - exchanges.async_lbank - WARNING - LBank: не удалось получить тикер для IOTA
2026-01-08 19:12:37,005 - exchanges.async_lbank - WARNING - LBank: публичный API для фьючерсов недоступен. LBank не предоставляет публичный API для получения данных о фьючерсах или требует аутентификацию.
2026-01-08 19:12:37,013 - httpx - INFO - HTTP Request: GET https://www.lbank.com/v2/futures/fundingRate?symbol=IOTAUSDT "HTTP/1.1 404 Not Found"
2026-01-08 19:12:37,027 - exchanges.async_lbank - WARNING - LBank: не удалось получить фандинг для IOTA
2026-01-08 19:12:37,029 - exchanges.async_lbank - WARNING - LBank: публичный API для фьючерсов недоступен. LBank не предоставляет публичный API для получения данных о фьючерсах или требует аутентификацию.
2026-01-08 19:12:37,454 - httpx - INFO - HTTP Request: GET https://contract.mexc.com/api/v1/contract/funding_rate?symbol=IOTA_USDT "HTTP/1.1 200 OK"
2026-01-08 19:12:37,459 - __main__ - INFO - ============================================================
2026-01-08 19:12:37,459 - __main__ - INFO - Анализ арбитража для IOTA
2026-01-08 19:12:37,459 - __main__ - INFO - ============================================================
2026-01-08 19:12:37,459 - __main__ - INFO - (mexc) Цена монеты на фьючерс (IOTA): 0.1046
2026-01-08 19:12:37,460 - __main__ - INFO - (mexc) Фандинг (IOTA): 0.001600%
2026-01-08 19:12:37,460 - __main__ - ERROR - Не удалось получить данные с lbank
2026-01-08 19:12:37,460 - __main__ - INFO - (mexc и lbank) Спред на цену на фьючерс: недоступно
2026-01-08 19:12:37,461 - __main__ - INFO - (mexc и lbank) Спред на фандинги: недоступно
2026-01-08 19:12:37,461 - __main__ - INFO - (mexc и lbank) Общий спред: невозможно вычислить
2026-01-08 19:12:37,461 - __main__ - INFO - ============================================================
